<?xml version="1.0" encoding="UTF-8"?>
<!-- Generated by org.testng.reporters.JUnitXMLReporter -->
<testsuite ignored="0" hostname="DESKTOP-L755MN9" failures="0" tests="2" name="RegressionTests" time="9.8" errors="0" timestamp="2025-04-11T15:13:08 IST">
  <testcase classname="pagestest.LoginExceldataprovider" name="Login_test_with_Invalid_data_test" time="3.043"/>
  <testcase classname="pagestest.LoginExceldataprovider" name="Login_test_with_valid_data_test" time="6.023"/>
</testsuite> <!-- RegressionTests -->
