<?xml version="1.0" encoding="UTF-8"?>
<!-- Generated by org.testng.reporters.JUnitXMLReporter -->
<testsuite ignored="1" hostname="DESKTOP-L755MN9" failures="1" tests="1" name="SmokeTests" time="0.729" errors="0" timestamp="2025-04-11T11:45:20 IST">
  <testcase classname="pagestest.LoginExceldataprovider" name="Login_test_with_valid_data_test" time="0.097">
    <failure type="java.lang.IllegalArgumentException" message="Input must be set">
      <![CDATA[java.lang.IllegalArgumentException: Input must be set
at org.openqa.selenium.internal.Require.nonNull(Require.java:60)
at org.openqa.selenium.support.ui.FluentWait.<init>(FluentWait.java:94)
at org.openqa.selenium.support.ui.WebDriverWait.<init>(WebDriverWait.java:74)
at org.openqa.selenium.support.ui.WebDriverWait.<init>(WebDriverWait.java:43)
at utils.CommonUtils.Clear_And_SendKeys(CommonUtils.java:463)
at pages.Login_Page.Login_test_with_valid_data(Login_Page.java:64)
at pagestest.LoginExceldataprovider.Login_test_with_valid_data_test(LoginExceldataprovider.java:57)
at java.base/java.util.ArrayList.forEach(ArrayList.java:1511)
... Removed 27 stack frames]]>
    </failure>
  </testcase> <!-- Login_test_with_valid_data_test -->
  <testcase classname="pagestest.LoginExceldataprovider" name="Login_test_with_Invalid_data_test" time="0.0">
    <ignored/>
  </testcase> <!-- Login_test_with_Invalid_data_test -->
</testsuite> <!-- SmokeTests -->
