<?xml version="1.0" encoding="UTF-8"?>
<!-- Generated by org.testng.reporters.JUnitXMLReporter -->
<testsuite ignored="0" hostname="DESKTOP-L755MN9" failures="0" tests="2" name="Default test" time="6.337" errors="0" timestamp="2025-04-11T12:12:18 IST">
  <testcase classname="pagestest.LoginExceldataprovider" name="Login_test_with_Invalid_data_test" time="1.467"/>
  <testcase classname="pagestest.LoginExceldataprovider" name="Login_test_with_valid_data_test" time="4.086"/>
</testsuite> <!-- Default test -->
