<?xml version="1.0" encoding="UTF-8"?>
<!-- Generated by org.testng.reporters.JUnitXMLReporter -->
<testsuite ignored="10" hostname="DESKTOP-T91EG79" failures="2" tests="2" name="All ModulesTest" time="71.203" errors="0" timestamp="2023-09-29T19:46:16 IST">
  <testcase classname="Allmodulestest.Travel_module_test" name="Travel_module_Test" time="19.421">
    <failure type="org.openqa.selenium.NoSuchElementException" message="no such element: Unable to locate element: {&amp;quot;method&amp;quot;:&amp;quot;xpath&amp;quot;,&amp;quot;selector&amp;quot;:&amp;quot;(//*[text()=&amp;quot;Wine Education Abroad&amp;quot;])[1]&amp;quot;}
  (Session info: chrome=117.0.5938.92)
For documentation on this error, please visit: https://www.selenium.dev/documentation/webdriver/troubleshooting/errors#no-such-element-exception
Build info: version: &amp;apos;4.11.0&amp;apos;, revision: &amp;apos;040bc5406b&amp;apos;
System info: os.name: &amp;apos;Windows 10&amp;apos;, os.arch: &amp;apos;amd64&amp;apos;, os.version: &amp;apos;10.0&amp;apos;, java.version: &amp;apos;17.0.7&amp;apos;
Driver info: org.openqa.selenium.chrome.ChromeDriver
Command: [d893356ac5992d0d806cc17ffebd8444, findElement {using=xpath, value=(//*[text()=&amp;quot;Wine Education Abroad&amp;quot;])[1]}]
Capabilities {acceptInsecureCerts: false, browserName: chrome, browserVersion: 117.0.5938.92, chrome: {chromedriverVersion: 117.0.5938.92 (67649b10b92b..., userDataDir: C:\Users\AIPXPE~1\AppData\L...}, fedcm:accounts: true, goog:chromeOptions: {debuggerAddress: localhost:54719}, networkConnectionEnabled: false, pageLoadStrategy: normal, platformName: windows, proxy: Proxy(), se:cdp: ws://localhost:54719/devtoo..., se:cdpVersion: 117.0.5938.92, setWindowRect: true, strictFileInteractability: false, timeouts: {implicit: 0, pageLoad: 300000, script: 30000}, unhandledPromptBehavior: dismiss and notify, webauthn:extension:credBlob: true, webauthn:extension:largeBlob: true, webauthn:extension:minPinLength: true, webauthn:extension:prf: true, webauthn:virtualAuthenticators: true}
Session ID: d893356ac5992d0d806cc17ffebd8444">
      <![CDATA[org.openqa.selenium.NoSuchElementException: no such element: Unable to locate element: {"method":"xpath","selector":"(//*[text()="Wine Education Abroad"])[1]"}
  (Session info: chrome=117.0.5938.92)
For documentation on this error, please visit: https://www.selenium.dev/documentation/webdriver/troubleshooting/errors#no-such-element-exception
Build info: version: '4.11.0', revision: '040bc5406b'
System info: os.name: 'Windows 10', os.arch: 'amd64', os.version: '10.0', java.version: '17.0.7'
Driver info: org.openqa.selenium.chrome.ChromeDriver
Command: [d893356ac5992d0d806cc17ffebd8444, findElement {using=xpath, value=(//*[text()="Wine Education Abroad"])[1]}]
Capabilities {acceptInsecureCerts: false, browserName: chrome, browserVersion: 117.0.5938.92, chrome: {chromedriverVersion: 117.0.5938.92 (67649b10b92b..., userDataDir: C:\Users\AIPXPE~1\AppData\L...}, fedcm:accounts: true, goog:chromeOptions: {debuggerAddress: localhost:54719}, networkConnectionEnabled: false, pageLoadStrategy: normal, platformName: windows, proxy: Proxy(), se:cdp: ws://localhost:54719/devtoo..., se:cdpVersion: 117.0.5938.92, setWindowRect: true, strictFileInteractability: false, timeouts: {implicit: 0, pageLoad: 300000, script: 30000}, unhandledPromptBehavior: dismiss and notify, webauthn:extension:credBlob: true, webauthn:extension:largeBlob: true, webauthn:extension:minPinLength: true, webauthn:extension:prf: true, webauthn:virtualAuthenticators: true}
Session ID: d893356ac5992d0d806cc17ffebd8444
at org.openqa.selenium.remote.codec.w3c.W3CHttpResponseCodec.createException(W3CHttpResponseCodec.java:200)
at org.openqa.selenium.remote.codec.w3c.W3CHttpResponseCodec.decode(W3CHttpResponseCodec.java:133)
at org.openqa.selenium.remote.codec.w3c.W3CHttpResponseCodec.decode(W3CHttpResponseCodec.java:52)
at org.openqa.selenium.remote.HttpCommandExecutor.execute(HttpCommandExecutor.java:191)
at org.openqa.selenium.remote.service.DriverCommandExecutor.invokeExecute(DriverCommandExecutor.java:196)
at org.openqa.selenium.remote.service.DriverCommandExecutor.execute(DriverCommandExecutor.java:171)
at org.openqa.selenium.remote.RemoteWebDriver.execute(RemoteWebDriver.java:518)
at org.openqa.selenium.remote.ElementLocation$ElementFinder$2.findElement(ElementLocation.java:165)
at org.openqa.selenium.remote.ElementLocation.findElement(ElementLocation.java:59)
at org.openqa.selenium.remote.RemoteWebDriver.findElement(RemoteWebDriver.java:355)
at org.openqa.selenium.remote.RemoteWebDriver.findElement(RemoteWebDriver.java:349)
at Travel.Wine_Trips_Abroad_Page.Wine_Trips_Abroad_South_Africa(Wine_Trips_Abroad_Page.java:85)
at Allmodules.Travelmodule.Wine_Trips_Abroad_Page_Detail(Travelmodule.java:12)
at Allmodulestest.Travel_module_test.Travel_module_Test(Travel_module_test.java:18)
at java.base/java.util.ArrayList.forEach(ArrayList.java:1511)
... Removed 32 stack frames]]>
    </failure>
  </testcase> <!-- Travel_module_Test -->
  <testcase classname="Allmodulestest.Knowledge_Centre_Module_test" name="Knowledge_Centre_Module_Test" time="50.902">
    <failure type="org.openqa.selenium.NoSuchElementException" message="no such element: Unable to locate element: {&amp;quot;method&amp;quot;:&amp;quot;xpath&amp;quot;,&amp;quot;selector&amp;quot;:&amp;quot;//*[@class=&amp;quot;elementor-heading-title elementor-size-default&amp;quot; and text()=&amp;quot;Faculty&amp;quot;]&amp;quot;}
  (Session info: chrome=117.0.5938.92)
For documentation on this error, please visit: https://www.selenium.dev/documentation/webdriver/troubleshooting/errors#no-such-element-exception
Build info: version: &amp;apos;4.11.0&amp;apos;, revision: &amp;apos;040bc5406b&amp;apos;
System info: os.name: &amp;apos;Windows 10&amp;apos;, os.arch: &amp;apos;amd64&amp;apos;, os.version: &amp;apos;10.0&amp;apos;, java.version: &amp;apos;17.0.7&amp;apos;
Driver info: org.openqa.selenium.chrome.ChromeDriver
Command: [d893356ac5992d0d806cc17ffebd8444, findElement {using=xpath, value=//*[@class=&amp;quot;elementor-heading-title elementor-size-default&amp;quot; and text()=&amp;quot;Faculty&amp;quot;]}]
Capabilities {acceptInsecureCerts: false, browserName: chrome, browserVersion: 117.0.5938.92, chrome: {chromedriverVersion: 117.0.5938.92 (67649b10b92b..., userDataDir: C:\Users\AIPXPE~1\AppData\L...}, fedcm:accounts: true, goog:chromeOptions: {debuggerAddress: localhost:54719}, networkConnectionEnabled: false, pageLoadStrategy: normal, platformName: windows, proxy: Proxy(), se:cdp: ws://localhost:54719/devtoo..., se:cdpVersion: 117.0.5938.92, setWindowRect: true, strictFileInteractability: false, timeouts: {implicit: 0, pageLoad: 300000, script: 30000}, unhandledPromptBehavior: dismiss and notify, webauthn:extension:credBlob: true, webauthn:extension:largeBlob: true, webauthn:extension:minPinLength: true, webauthn:extension:prf: true, webauthn:virtualAuthenticators: true}
Session ID: d893356ac5992d0d806cc17ffebd8444">
      <![CDATA[org.openqa.selenium.NoSuchElementException: no such element: Unable to locate element: {"method":"xpath","selector":"//*[@class="elementor-heading-title elementor-size-default" and text()="Faculty"]"}
  (Session info: chrome=117.0.5938.92)
For documentation on this error, please visit: https://www.selenium.dev/documentation/webdriver/troubleshooting/errors#no-such-element-exception
Build info: version: '4.11.0', revision: '040bc5406b'
System info: os.name: 'Windows 10', os.arch: 'amd64', os.version: '10.0', java.version: '17.0.7'
Driver info: org.openqa.selenium.chrome.ChromeDriver
Command: [d893356ac5992d0d806cc17ffebd8444, findElement {using=xpath, value=//*[@class="elementor-heading-title elementor-size-default" and text()="Faculty"]}]
Capabilities {acceptInsecureCerts: false, browserName: chrome, browserVersion: 117.0.5938.92, chrome: {chromedriverVersion: 117.0.5938.92 (67649b10b92b..., userDataDir: C:\Users\AIPXPE~1\AppData\L...}, fedcm:accounts: true, goog:chromeOptions: {debuggerAddress: localhost:54719}, networkConnectionEnabled: false, pageLoadStrategy: normal, platformName: windows, proxy: Proxy(), se:cdp: ws://localhost:54719/devtoo..., se:cdpVersion: 117.0.5938.92, setWindowRect: true, strictFileInteractability: false, timeouts: {implicit: 0, pageLoad: 300000, script: 30000}, unhandledPromptBehavior: dismiss and notify, webauthn:extension:credBlob: true, webauthn:extension:largeBlob: true, webauthn:extension:minPinLength: true, webauthn:extension:prf: true, webauthn:virtualAuthenticators: true}
Session ID: d893356ac5992d0d806cc17ffebd8444
at org.openqa.selenium.remote.codec.w3c.W3CHttpResponseCodec.createException(W3CHttpResponseCodec.java:200)
at org.openqa.selenium.remote.codec.w3c.W3CHttpResponseCodec.decode(W3CHttpResponseCodec.java:133)
at org.openqa.selenium.remote.codec.w3c.W3CHttpResponseCodec.decode(W3CHttpResponseCodec.java:52)
at org.openqa.selenium.remote.HttpCommandExecutor.execute(HttpCommandExecutor.java:191)
at org.openqa.selenium.remote.service.DriverCommandExecutor.invokeExecute(DriverCommandExecutor.java:196)
at org.openqa.selenium.remote.service.DriverCommandExecutor.execute(DriverCommandExecutor.java:171)
at org.openqa.selenium.remote.RemoteWebDriver.execute(RemoteWebDriver.java:518)
at org.openqa.selenium.remote.ElementLocation$ElementFinder$2.findElement(ElementLocation.java:165)
at org.openqa.selenium.remote.ElementLocation.findElement(ElementLocation.java:59)
at org.openqa.selenium.remote.RemoteWebDriver.findElement(RemoteWebDriver.java:355)
at org.openqa.selenium.remote.RemoteWebDriver.findElement(RemoteWebDriver.java:349)
at KnowledgeCenter.Knowledge_Center_Page.Knowledge_Center_Instructors(Knowledge_Center_Page.java:126)
at Allmodules.Knowledgecentremodule.Knowledge_Center_Page_Detail(Knowledgecentremodule.java:13)
at Allmodulestest.Knowledge_Centre_Module_test.Knowledge_Centre_Module_Test(Knowledge_Centre_Module_test.java:18)
at java.base/java.util.ArrayList.forEach(ArrayList.java:1511)
... Removed 32 stack frames]]>
    </failure>
  </testcase> <!-- Knowledge_Centre_Module_Test -->
  <testcase classname="Base.Browsersetup" name="@BeforeSuite Browserlaunch" time="0.0">
    <ignored/>
  </testcase> <!-- @BeforeSuite Browserlaunch -->
  <testcase classname="Base.Browsersetup" name="@BeforeSuite Browserlaunch" time="0.0">
    <ignored/>
  </testcase> <!-- @BeforeSuite Browserlaunch -->
  <testcase classname="Base.Reports" name="@AfterTest Endtest" time="0.0">
    <ignored/>
  </testcase> <!-- @AfterTest Endtest -->
  <testcase classname="Base.Reports" name="@BeforeTest Report" time="0.0">
    <ignored/>
  </testcase> <!-- @BeforeTest Report -->
  <testcase classname="Base.Reports" name="@BeforeTest Report" time="0.0">
    <ignored/>
  </testcase> <!-- @BeforeTest Report -->
  <testcase classname="Base.Reports" name="@AfterTest Endtest" time="0.0">
    <ignored/>
  </testcase> <!-- @AfterTest Endtest -->
  <testcase classname="Allmodulestest.WSET_courses_module_test" name="WSET_Courses_Level_1_Award_in_Wines_Courses_Test" time="0.0">
    <ignored/>
  </testcase> <!-- WSET_Courses_Level_1_Award_in_Wines_Courses_Test -->
  <testcase classname="Allmodulestest.WSET_courses_module_test" name="Test" time="0.0">
    <ignored/>
  </testcase> <!-- Test -->
  <testcase classname="Base.Browsersetup" name="@AfterSuite Close_Browser" time="0.0">
    <ignored/>
  </testcase> <!-- @AfterSuite Close_Browser -->
  <testcase classname="Base.Browsersetup" name="@AfterSuite Close_Browser" time="0.0">
    <ignored/>
  </testcase> <!-- @AfterSuite Close_Browser -->
</testsuite> <!-- All ModulesTest -->
