<?xml version="1.0" encoding="UTF-8"?>
<!-- Generated by org.testng.reporters.JUnitXMLReporter -->
<testsuite ignored="3" hostname="DESKTOP-TGNFLML" failures="0" tests="1" name="Test" time="38.776" errors="0" timestamp="2024-08-21T19:22:24 IST">
  <testcase classname="Pagestest.Customers" name="Add_New_Customer_Test_data_test" time="37.164"/>
  <testcase classname="Pagestest.Customers" name="Customer_List_Test_data_test" time="0.0">
    <ignored/>
  </testcase> <!-- Customer_List_Test_data_test -->
  <testcase classname="Pagestest.Customers" name="Customer_List_Test_data_test3" time="0.0">
    <ignored/>
  </testcase> <!-- Customer_List_Test_data_test3 -->
  <testcase classname="Pagestest.Customers" name="Customer_List_Test_data_test1" time="0.0">
    <ignored/>
  </testcase> <!-- Customer_List_Test_data_test1 -->
</testsuite> <!-- Test -->
