<?xml version="1.0" encoding="UTF-8"?>
<!-- Generated by org.testng.reporters.JUnitXMLReporter -->
<testsuite ignored="1" hostname="DESKTOP-L755MN9" failures="0" tests="1" name="Test" time="4.523" errors="0" timestamp="2025-04-11T13:55:00 IST">
  <testcase classname="pagestest.LoginExceldataprovider" name="Login_test_with_valid_data_test" time="3.632"/>
  <testcase classname="pagestest.LoginExceldataprovider" name="Login_test_with_Invalid_data_test" time="0.0">
    <ignored/>
  </testcase> <!-- Login_test_with_Invalid_data_test -->
</testsuite> <!-- Test -->
