<?xml version="1.0" encoding="UTF-8"?>
<testsuite xmlns:xsi="http://www.w3.org/2001/XMLSchema-instance" xsi:noNamespaceSchemaLocation="https://maven.apache.org/surefire/maven-surefire-plugin/xsd/surefire-test-report-3.0.xsd" version="3.0" name="TestSuite" time="10.994" tests="1" errors="0" skipped="0" failures="0">
  <properties>
[...]
</properties>
  <testcase name="Login_test_with_valid_data_test[Admin, admin123](1)" classname="pagestest.LoginExceldataprovider" time="3.705">
    <system-out><![CDATA[2025-04-11 03:10 pm  INFO [main] - ::::Maximizing Window::::
2025-04-11 03:10 pm  INFO [main] - ::::Entering URL::::
Valid Login Data:
Admin | admin123
2025-04-11 03:10 pm  INFO [main] - pagestest.LoginExceldataprovider ===>  Valid Login Test Started
2025-04-11 03:10 pm  INFO [main] - pages.Login_Page ===>  Attempting to clear and send keys to element
2025-04-11 03:10 pm  INFO [main] - pages.Login_Page ===>  Cleared element content
2025-04-11 03:10 pm  INFO [main] - pages.Login_Page ===>  Successfully sent keys : Admin to element : Username
2025-04-11 03:10 pm  INFO [main] - pages.Login_Page ===>  Attempting to clear and send keys to element
2025-04-11 03:10 pm  INFO [main] - pages.Login_Page ===>  Cleared element content
2025-04-11 03:10 pm  INFO [main] - pages.Login_Page ===>  Successfully sent keys : admin123 to element : Password
2025-04-11 03:10 pm  INFO [main] - pages.Login_Page ===>  Attempting to click element : Login
2025-04-11 03:10 pm  INFO [main] - pages.Login_Page ===>  Successfully clicked element : Login
2025-04-11 03:10 pm  INFO [main] - pages.Login_Page ===>  Checking if element is displayed : Dashboard
2025-04-11 03:10 pm  INFO [main] - pages.Login_Page ===>  Element displayed status : true
2025-04-11 03:10 pm  INFO [main] - pages.Login_Page ===>  Valid Login Test Passed
]]></system-out>
    <system-err><![CDATA[Apr 11, 2025 3:10:05 PM org.openqa.selenium.devtools.CdpVersionFinder findNearestMatch
WARNING: Unable to find CDP implementation matching 135
Apr 11, 2025 3:10:05 PM org.openqa.selenium.chromium.ChromiumDriver lambda$new$5
WARNING: Unable to find version of CDP to use for 135.0.7049.85. You may need to include a dependency on a specific version of the CDP using something similar to `org.seleniumhq.selenium:selenium-devtools-v86:4.13.0` where the version ("v86") matches the version of the chromium-based browser you're using and the version number of the artifact is the same as Selenium's.
]]></system-err>
  </testcase>
</testsuite>