<?xml version="1.0" encoding="UTF-8"?>
<testng-results ignored="0" total="2" passed="2" failed="0" skipped="0">
  <reporter-output>
  </reporter-output>
  <suite started-at="2025-06-07T15:01:35 IST" name="Default suite" finished-at="2025-06-07T15:01:45 IST" duration-ms="9547">
    <groups>
      <group name="regression">
        <method signature="LoginExceldataprovider.Login_test_with_Invalid_data_test(java.lang.String,java.lang.String)[pri:0, instance:pagestest.LoginExceldataprovider@436390f4]" name="Login_test_with_Invalid_data_test" class="pagestest.LoginExceldataprovider"/>
        <method signature="LoginExceldataprovider.Login_test_with_valid_data_test(java.lang.String,java.lang.String)[pri:1, instance:pagestest.LoginExceldataprovider@436390f4]" name="Login_test_with_valid_data_test" class="pagestest.LoginExceldataprovider"/>
      </group> <!-- regression -->
      <group name="smoke">
        <method signature="LoginExceldataprovider.Login_test_with_valid_data_test(java.lang.String,java.lang.String)[pri:1, instance:pagestest.LoginExceldataprovider@436390f4]" name="Login_test_with_valid_data_test" class="pagestest.LoginExceldataprovider"/>
      </group> <!-- smoke -->
    </groups>
    <test started-at="2025-06-07T15:01:35 IST" name="Default test" finished-at="2025-06-07T15:01:45 IST" duration-ms="9547">
      <class name="pagestest.LoginExceldataprovider">
        <test-method is-config="true" signature="bridgeBrowserSetup()[pri:0, instance:pagestest.LoginExceldataprovider@436390f4]" started-at="2025-06-07T15:01:27 IST" name="bridgeBrowserSetup" finished-at="2025-06-07T15:01:35 IST" duration-ms="8562" status="PASS">
          <reporter-output>
          </reporter-output>
        </test-method> <!-- bridgeBrowserSetup -->
        <test-method is-config="true" signature="Set_Up_Report()[pri:0, instance:pagestest.LoginExceldataprovider@436390f4]" started-at="2025-06-07T15:01:35 IST" name="Set_Up_Report" finished-at="2025-06-07T15:01:36 IST" duration-ms="98" status="PASS">
          <reporter-output>
          </reporter-output>
        </test-method> <!-- Set_Up_Report -->
        <test-method signature="Login_test_with_Invalid_data_test(java.lang.String,java.lang.String)[pri:0, instance:pagestest.LoginExceldataprovider@436390f4]" started-at="2025-06-07T15:01:36 IST" name="Login_test_with_Invalid_data_test" data-provider="invalidLoginData" finished-at="2025-06-07T15:01:38 IST" duration-ms="2023" status="PASS">
          <params>
            <param index="0">
              <value>
                <![CDATA[Admin]]>
              </value>
            </param>
            <param index="1">
              <value>
                <![CDATA[1111]]>
              </value>
            </param>
          </params>
          <reporter-output>
          </reporter-output>
        </test-method> <!-- Login_test_with_Invalid_data_test -->
        <test-method signature="Login_test_with_valid_data_test(java.lang.String,java.lang.String)[pri:1, instance:pagestest.LoginExceldataprovider@436390f4]" started-at="2025-06-07T15:01:38 IST" name="Login_test_with_valid_data_test" data-provider="validLoginData" finished-at="2025-06-07T15:01:45 IST" duration-ms="6499" status="PASS">
          <params>
            <param index="0">
              <value>
                <![CDATA[Admin]]>
              </value>
            </param>
            <param index="1">
              <value>
                <![CDATA[admin123]]>
              </value>
            </param>
          </params>
          <reporter-output>
          </reporter-output>
        </test-method> <!-- Login_test_with_valid_data_test -->
        <test-method is-config="true" signature="End_Test()[pri:0, instance:pagestest.LoginExceldataprovider@436390f4]" started-at="2025-06-07T15:01:45 IST" name="End_Test" finished-at="2025-06-07T15:01:45 IST" duration-ms="194" status="PASS">
          <reporter-output>
          </reporter-output>
        </test-method> <!-- End_Test -->
        <test-method is-config="true" signature="Close_Browser()[pri:0, instance:pagestest.LoginExceldataprovider@436390f4]" started-at="2025-06-07T15:01:45 IST" name="Close_Browser" finished-at="2025-06-07T15:01:46 IST" duration-ms="751" status="PASS">
          <reporter-output>
          </reporter-output>
        </test-method> <!-- Close_Browser -->
      </class> <!-- pagestest.LoginExceldataprovider -->
    </test> <!-- Default test -->
  </suite> <!-- Default suite -->
</testng-results>
