<?xml version="1.0" encoding="UTF-8"?>
<!-- Generated by org.testng.reporters.JUnitReportReporter -->
<testsuite hostname="DESKTOP-T91EG79" failures="0" tests="4" name="Tests.Dashboardtest" time="3.073" errors="0" timestamp="2023-07-07T16:55:18 IST" skipped="0">
  <testcase classname="Tests.Dashboardtest" name="Dashboard_Redirection_Test" time="0.146"/>
  <testcase classname="Tests.Dashboardtest" name="Dashboard_Top_Navigation_Bar_Items_Verification_Test" time="0.796"/>
  <testcase classname="Tests.Dashboardtest" name="Other_Items_Verification_Test" time="0.274"/>
  <testcase classname="Tests.Dashboardtest" name="All_Sub_Category_Test" time="1.857"/>
</testsuite> <!-- Tests.Dashboardtest -->
