<?xml version="1.0" encoding="UTF-8"?>
<!-- Generated by org.testng.reporters.JUnitReportReporter -->
<testsuite hostname="DESKTOP-TGNFLML" failures="0" tests="2" name="Pagestest.Orders" time="0.086" errors="1" timestamp="2024-09-02T17:36:52 IST" skipped="1">
  <testcase classname="Pagestest.Orders" name="Browser_Launch" time="0.086">
    <error message="Cannot invoke &quot;org.monte.media.MovieWriter.addTrack(org.monte.media.Format)&quot; because &quot;this.w&quot; is null" type="java.lang.NullPointerException">
      <![CDATA[java.lang.NullPointerException: Cannot invoke "org.monte.media.MovieWriter.addTrack(org.monte.media.Format)" because "this.w" is null
at org.monte.screenrecorder.ScreenRecorder.createMovieWriter(ScreenRecorder.java:382)
at org.monte.screenrecorder.ScreenRecorder.start(ScreenRecorder.java:489)
at Base.My_Screen_Recorder.Start_Recording(My_Screen_Recorder.java:73)
at Base.Browser_Setup.Browser_Launch(Browser_Setup.java:19)
at java.base/jdk.internal.reflect.NativeMethodAccessorImpl.invoke0(Native Method)
at java.base/jdk.internal.reflect.NativeMethodAccessorImpl.invoke(NativeMethodAccessorImpl.java:77)
at java.base/jdk.internal.reflect.DelegatingMethodAccessorImpl.invoke(DelegatingMethodAccessorImpl.java:43)
at java.base/java.lang.reflect.Method.invoke(Method.java:568)
at org.testng.internal.MethodInvocationHelper.invokeMethod(MethodInvocationHelper.java:133)
at org.testng.internal.MethodInvocationHelper.invokeMethodConsideringTimeout(MethodInvocationHelper.java:62)
at org.testng.internal.ConfigInvoker.invokeConfigurationMethod(ConfigInvoker.java:385)
at org.testng.internal.ConfigInvoker.invokeConfigurations(ConfigInvoker.java:321)
at org.testng.SuiteRunner.privateRun(SuiteRunner.java:317)
at org.testng.SuiteRunner.run(SuiteRunner.java:276)
at org.testng.SuiteRunnerWorker.runSuite(SuiteRunnerWorker.java:53)
at org.testng.SuiteRunnerWorker.run(SuiteRunnerWorker.java:96)
at org.testng.TestNG.runSuitesSequentially(TestNG.java:1212)
at org.testng.TestNG.runSuitesLocally(TestNG.java:1134)
at org.testng.TestNG.runSuites(TestNG.java:1063)
at org.testng.TestNG.run(TestNG.java:1031)
at org.testng.remote.AbstractRemoteTestNG.run(AbstractRemoteTestNG.java:115)
at org.testng.remote.RemoteTestNG.initAndRun(RemoteTestNG.java:251)
at org.testng.remote.RemoteTestNG.main(RemoteTestNG.java:77)
]]>
    </error>
  </testcase> <!-- Browser_Launch -->
  <system-out/>
  <testcase classname="Pagestest.Orders" name="Add_New_Orders_Test_data_test" time="0.000">
    <skipped/>
  </testcase> <!-- Add_New_Orders_Test_data_test -->
  <system-out/>
</testsuite> <!-- Pagestest.Orders -->
