<?xml version="1.0" encoding="UTF-8"?>
<!-- Generated by org.testng.reporters.JUnitReportReporter -->
<testsuite hostname="DESKTOP-L755MN9" failures="0" tests="2" name="pagestest.Login" time="10.393" errors="0" timestamp="2025-04-04T14:10:24 IST" skipped="0">
  <testcase classname="pagestest.Login" name="Login_test_with_Invalid_data_test" time="6.530"/>
  <system-out/>
  <testcase classname="pagestest.Login" name="Login_test_with_valid_data_test" time="3.863"/>
  <system-out/>
</testsuite> <!-- pagestest.Login -->
