<?xml version="1.0" encoding="UTF-8"?>
<!-- Generated by org.testng.reporters.JUnitReportReporter -->
<testsuite hostname="DESKTOP-L755MN9" failures="0" tests="2" name="pagestest.LoginJson" time="10.765" errors="0" timestamp="2025-03-06T15:00:34 IST" skipped="0">
  <testcase classname="pagestest.LoginJson" name="Login_test_with_Invalid_data_test" time="7.132"/>
  <system-out/>
  <testcase classname="pagestest.LoginJson" name="Login_test_with_valid_data_test" time="3.633"/>
  <system-out/>
</testsuite> <!-- pagestest.LoginJson -->
