<?xml version="1.0" encoding="UTF-8"?>
<!-- Generated by org.testng.reporters.JUnitReportReporter -->
<testsuite hostname="DESKTOP-T91EG79" failures="0" tests="3" name="Tests.Logintest" time="11.814" errors="0" timestamp="2023-07-07T16:55:18 IST" skipped="0">
  <testcase classname="Tests.Logintest" name="TC_Auth_Success" time="0.259"/>
  <testcase classname="Tests.Logintest" name="TC_login_with_invalid_data" time="3.254"/>
  <testcase classname="Tests.Logintest" name="TC_login_with_valid_data" time="8.301"/>
</testsuite> <!-- Tests.Logintest -->
