<?xml version="1.0" encoding="UTF-8"?>
<!-- Generated by org.testng.reporters.JUnitReportReporter -->
<testsuite hostname="DESKTOP-T91EG79" failures="0" tests="4" name="Tests.Test" time="0.016" errors="0" timestamp="2023-06-23T18:28:00 IST" skipped="0">
  <testcase classname="Tests.Test" name="TC01_Verify_Login_Valid_Cred" time="0.003"/>
  <testcase classname="Tests.Test" name="TC01_Verify_Login_Valid_Cred" time="0.003"/>
  <testcase classname="Tests.Test" name="TC01_Verify_Login_Valid_Cred" time="0.002"/>
  <testcase classname="Tests.Test" name="TC01_Verify_Login_Valid_Cred" time="0.008"/>
</testsuite> <!-- Tests.Test -->
