<?xml version="1.0" encoding="UTF-8"?>
<!-- Generated by org.testng.reporters.JUnitReportReporter -->
<testsuite hostname="DESKTOP-TGNFLML" failures="0" tests="4" name="Pagestest.Customers" time="37.164" errors="0" timestamp="2024-08-21T19:22:25 IST" skipped="3">
  <testcase classname="Pagestest.Customers" name="Add_New_Customer_Test_data_test" time="37.164"/>
  <system-out/>
  <testcase classname="Pagestest.Customers" name="Customer_List_Test_data_test">
    <skipped/>
  </testcase> <!-- Customer_List_Test_data_test -->
  <system-out/>
  <testcase classname="Pagestest.Customers" name="Customer_List_Test_data_test3">
    <skipped/>
  </testcase> <!-- Customer_List_Test_data_test3 -->
  <system-out/>
  <testcase classname="Pagestest.Customers" name="Customer_List_Test_data_test1">
    <skipped/>
  </testcase> <!-- Customer_List_Test_data_test1 -->
  <system-out/>
</testsuite> <!-- Pagestest.Customers -->
